<?xml version="1.0" encoding="UTF-8"?>
<testsuite xmlns:xsi="http://www.w3.org/2001/XMLSchema-instance" xsi:noNamespaceSchemaLocation="https://maven.apache.org/surefire/maven-surefire-plugin/xsd/surefire-test-report-3.0.xsd" version="3.0" name="com.example.MajorityElementTest" time="0.06" tests="9" errors="0" skipped="0" failures="0">
  <properties>
[...]
</properties>
  <testcase name="testUsingLargeNumbers" classname="com.example.MajorityElementTest" time="0.027"/>
  <testcase name="testUsingOneElement" classname="com.example.MajorityElementTest" time="0.002"/>
  <testcase name="testUsingEmptyArray" classname="com.example.MajorityElementTest" time="0.001"/>
  <testcase name="testUsingNull" classname="com.example.MajorityElementTest" time="0.0"/>
  <testcase name="testUsingZero" classname="com.example.MajorityElementTest" time="0.001"/>
  <testcase name="testUsingTwoElements" classname="com.example.MajorityElementTest" time="0.001"/>
  <testcase name="testUsingThreeElements" classname="com.example.MajorityElementTest" time="0.001"/>
  <testcase name="testUsingNegativeValues" classname="com.example.MajorityElementTest" time="0.001"/>
  <testcase name="testFindMajorityElement" classname="com.example.MajorityElementTest" time="0.001"/>
</testsuite>